<?xml version="1.0" encoding="UTF-8"?>
<testng-results ignored="0" total="1" passed="1" failed="0" skipped="0">
  <reporter-output>
  </reporter-output>
  <suite started-at="2025-03-25T11:06:29 IST" name="Default suite" finished-at="2025-03-25T11:06:32 IST" duration-ms="2537">
    <groups>
    </groups>
    <test started-at="2025-03-25T11:06:29 IST" name="Default test" finished-at="2025-03-25T11:06:32 IST" duration-ms="2537">
      <class name="com.api.tests.CreateMultipleUsersTest">
        <test-method is-config="true" signature="setup()[pri:0, instance:com.api.tests.CreateMultipleUsersTest@78691363]" started-at="2025-03-25T11:06:29 IST" name="setup" finished-at="2025-03-25T11:06:29 IST" duration-ms="390" status="PASS">
          <reporter-output>
          </reporter-output>
        </test-method> <!-- setup -->
        <test-method signature="testCreateMultipleUsers()[pri:3, instance:com.api.tests.CreateMultipleUsersTest@78691363]" started-at="2025-03-25T11:06:29 IST" name="testCreateMultipleUsers" finished-at="2025-03-25T11:06:32 IST" duration-ms="2114" status="PASS">
          <reporter-output>
          </reporter-output>
        </test-method> <!-- testCreateMultipleUsers -->
      </class> <!-- com.api.tests.CreateMultipleUsersTest -->
    </test> <!-- Default test -->
  </suite> <!-- Default suite -->
</testng-results>
